[INFO] Scanning for projects...
[WARNING] 
[WARNING] Some problems were encountered while building the effective model for cl.zco:desafio3:jar:0.0.1-SNAPSHOT
[WARNING] 'dependencies.dependency.systemPath' for Generador_Datos_Desafio_Tres:Generador_Datos_Desafio_Tres:jar should not point at files within the project directory, ${basedir}\lib\Generador_Datos_Desafio_Tres-1.0.0.jar will be unresolvable by dependent projects @ line 73, column 16
[WARNING] 
[WARNING] It is highly recommended to fix these problems because they threaten the stability of your build.
[WARNING] 
[WARNING] For this reason, future Maven versions might no longer support building such malformed projects.
[WARNING] 
[INFO] 
[INFO] --------------------------< cl.zco:desafio3 >---------------------------
[INFO] Building desafio3 0.0.1-SNAPSHOT
[INFO] --------------------------------[ jar ]---------------------------------
[INFO] 
[INFO] --- maven-resources-plugin:3.2.0:resources (default-resources) @ desafio3 ---
[INFO] Using 'UTF-8' encoding to copy filtered resources.
[INFO] Using 'UTF-8' encoding to copy filtered properties files.
[INFO] Copying 2 resources
[INFO] 
[INFO] --- maven-compiler-plugin:3.8.1:compile (default-compile) @ desafio3 ---
[INFO] Nothing to compile - all classes are up to date
[INFO] 
[INFO] --- maven-resources-plugin:3.2.0:testResources (default-testResources) @ desafio3 ---
[INFO] Using 'UTF-8' encoding to copy filtered resources.
[INFO] Using 'UTF-8' encoding to copy filtered properties files.
[INFO] skip non existing resourceDirectory C:\develop\wks_previred\desafio3\src\test\resources
[INFO] 
[INFO] --- maven-compiler-plugin:3.8.1:testCompile (default-testCompile) @ desafio3 ---
[INFO] Nothing to compile - all classes are up to date
[INFO] 
[INFO] --- maven-surefire-plugin:2.22.2:test (default-test) @ desafio3 ---
[INFO] 
[INFO] -------------------------------------------------------
[INFO]  T E S T S
[INFO] -------------------------------------------------------
[INFO] Running cl.zco.desafio3.Desafio3ApplicationTests
15:59:58.636 [main] DEBUG org.springframework.test.context.BootstrapUtils - Instantiating CacheAwareContextLoaderDelegate from class [org.springframework.test.context.cache.DefaultCacheAwareContextLoaderDelegate]
15:59:58.648 [main] DEBUG org.springframework.test.context.BootstrapUtils - Instantiating BootstrapContext using constructor [public org.springframework.test.context.support.DefaultBootstrapContext(java.lang.Class,org.springframework.test.context.CacheAwareContextLoaderDelegate)]
15:59:58.698 [main] DEBUG org.springframework.test.context.BootstrapUtils - Instantiating TestContextBootstrapper for test class [cl.zco.desafio3.Desafio3ApplicationTests] from class [org.springframework.boot.test.context.SpringBootTestContextBootstrapper]
15:59:58.711 [main] INFO org.springframework.boot.test.context.SpringBootTestContextBootstrapper - Neither @ContextConfiguration nor @ContextHierarchy found for test class [cl.zco.desafio3.Desafio3ApplicationTests], using SpringBootContextLoader
15:59:58.716 [main] DEBUG org.springframework.test.context.support.AbstractContextLoader - Did not detect default resource location for test class [cl.zco.desafio3.Desafio3ApplicationTests]: class path resource [cl/zco/desafio3/Desafio3ApplicationTests-context.xml] does not exist
15:59:58.716 [main] DEBUG org.springframework.test.context.support.AbstractContextLoader - Did not detect default resource location for test class [cl.zco.desafio3.Desafio3ApplicationTests]: class path resource [cl/zco/desafio3/Desafio3ApplicationTestsContext.groovy] does not exist
15:59:58.717 [main] INFO org.springframework.test.context.support.AbstractContextLoader - Could not detect default resource locations for test class [cl.zco.desafio3.Desafio3ApplicationTests]: no resource found for suffixes {-context.xml, Context.groovy}.
15:59:58.718 [main] INFO org.springframework.test.context.support.AnnotationConfigContextLoaderUtils - Could not detect default configuration classes for test class [cl.zco.desafio3.Desafio3ApplicationTests]: Desafio3ApplicationTests does not declare any static, non-private, non-final, nested classes annotated with @Configuration.
15:59:58.808 [main] DEBUG org.springframework.test.context.support.ActiveProfilesUtils - Could not find an 'annotation declaring class' for annotation type [org.springframework.test.context.ActiveProfiles] and class [cl.zco.desafio3.Desafio3ApplicationTests]
15:59:58.915 [main] DEBUG org.springframework.context.annotation.ClassPathScanningCandidateComponentProvider - Identified candidate component class: file [C:\develop\wks_previred\desafio3\target\classes\cl\zco\desafio3\Desafio3Application.class]
15:59:58.917 [main] INFO org.springframework.boot.test.context.SpringBootTestContextBootstrapper - Found @SpringBootConfiguration cl.zco.desafio3.Desafio3Application for test class cl.zco.desafio3.Desafio3ApplicationTests
15:59:59.153 [main] DEBUG org.springframework.boot.test.context.SpringBootTestContextBootstrapper - @TestExecutionListeners is not present for class [cl.zco.desafio3.Desafio3ApplicationTests]: using defaults.
15:59:59.155 [main] INFO org.springframework.boot.test.context.SpringBootTestContextBootstrapper - Loaded default TestExecutionListener class names from location [META-INF/spring.factories]: [org.springframework.boot.test.mock.mockito.MockitoTestExecutionListener, org.springframework.boot.test.mock.mockito.ResetMocksTestExecutionListener, org.springframework.boot.test.autoconfigure.restdocs.RestDocsTestExecutionListener, org.springframework.boot.test.autoconfigure.web.client.MockRestServiceServerResetTestExecutionListener, org.springframework.boot.test.autoconfigure.web.servlet.MockMvcPrintOnlyOnFailureTestExecutionListener, org.springframework.boot.test.autoconfigure.web.servlet.WebDriverTestExecutionListener, org.springframework.boot.test.autoconfigure.webservices.client.MockWebServiceServerTestExecutionListener, org.springframework.test.context.web.ServletTestExecutionListener, org.springframework.test.context.support.DirtiesContextBeforeModesTestExecutionListener, org.springframework.test.context.event.ApplicationEventsTestExecutionListener, org.springframework.test.context.support.DependencyInjectionTestExecutionListener, org.springframework.test.context.support.DirtiesContextTestExecutionListener, org.springframework.test.context.transaction.TransactionalTestExecutionListener, org.springframework.test.context.jdbc.SqlScriptsTestExecutionListener, org.springframework.test.context.event.EventPublishingTestExecutionListener]
15:59:59.190 [main] DEBUG org.springframework.boot.test.context.SpringBootTestContextBootstrapper - Skipping candidate TestExecutionListener [org.springframework.test.context.web.ServletTestExecutionListener] due to a missing dependency. Specify custom listener classes or make the default listener classes and their required dependencies available. Offending class: [javax/servlet/ServletContext]
15:59:59.195 [main] DEBUG org.springframework.boot.test.context.SpringBootTestContextBootstrapper - Skipping candidate TestExecutionListener [org.springframework.test.context.transaction.TransactionalTestExecutionListener] due to a missing dependency. Specify custom listener classes or make the default listener classes and their required dependencies available. Offending class: [org/springframework/transaction/interceptor/TransactionAttributeSource]
15:59:59.196 [main] DEBUG org.springframework.boot.test.context.SpringBootTestContextBootstrapper - Skipping candidate TestExecutionListener [org.springframework.test.context.jdbc.SqlScriptsTestExecutionListener] due to a missing dependency. Specify custom listener classes or make the default listener classes and their required dependencies available. Offending class: [org/springframework/transaction/interceptor/TransactionAttribute]
15:59:59.197 [main] INFO org.springframework.boot.test.context.SpringBootTestContextBootstrapper - Using TestExecutionListeners: [org.springframework.test.context.support.DirtiesContextBeforeModesTestExecutionListener@dfddc9a, org.springframework.test.context.event.ApplicationEventsTestExecutionListener@4b9df8a, org.springframework.boot.test.mock.mockito.MockitoTestExecutionListener@5e8ac0e1, org.springframework.boot.test.autoconfigure.SpringBootDependencyInjectionTestExecutionListener@aafcffa, org.springframework.test.context.support.DirtiesContextTestExecutionListener@6955cb39, org.springframework.test.context.event.EventPublishingTestExecutionListener@235a0c16, org.springframework.boot.test.mock.mockito.ResetMocksTestExecutionListener@2b5f4d54, org.springframework.boot.test.autoconfigure.restdocs.RestDocsTestExecutionListener@5f7b97da, org.springframework.boot.test.autoconfigure.web.client.MockRestServiceServerResetTestExecutionListener@18b0930f, org.springframework.boot.test.autoconfigure.web.servlet.MockMvcPrintOnlyOnFailureTestExecutionListener@6b7906b3, org.springframework.boot.test.autoconfigure.web.servlet.WebDriverTestExecutionListener@3a1dd365, org.springframework.boot.test.autoconfigure.webservices.client.MockWebServiceServerTestExecutionListener@395b56bb]
15:59:59.206 [main] DEBUG org.springframework.test.context.support.AbstractDirtiesContextTestExecutionListener - Before test class: context [DefaultTestContext@5b529706 testClass = Desafio3ApplicationTests, testInstance = [null], testMethod = [null], testException = [null], mergedContextConfiguration = [MergedContextConfiguration@63fdab07 testClass = Desafio3ApplicationTests, locations = '{}', classes = '{class cl.zco.desafio3.Desafio3Application}', contextInitializerClasses = '[]', activeProfiles = '{}', propertySourceLocations = '{}', propertySourceProperties = '{org.springframework.boot.test.context.SpringBootTestContextBootstrapper=true}', contextCustomizers = set[org.springframework.boot.test.context.filter.ExcludeFilterContextCustomizer@6aa8e115, org.springframework.boot.test.json.DuplicateJsonObjectContextCustomizerFactory$DuplicateJsonObjectContextCustomizer@5f20155b, org.springframework.boot.test.mock.mockito.MockitoContextCustomizer@0, org.springframework.boot.test.web.client.TestRestTemplateContextCustomizer@352ff4da, org.springframework.boot.test.autoconfigure.actuate.metrics.MetricsExportContextCustomizerFactory$DisableMetricExportContextCustomizer@7a3793c7, org.springframework.boot.test.autoconfigure.properties.PropertyMappingContextCustomizer@0, org.springframework.boot.test.autoconfigure.web.servlet.WebDriverContextCustomizerFactory$Customizer@a37aefe, org.springframework.boot.test.context.SpringBootTestArgs@1, org.springframework.boot.test.context.SpringBootTestWebEnvironment@6580cfdd], contextLoader = 'org.springframework.boot.test.context.SpringBootContextLoader', parent = [null]], attributes = map[[empty]]], class annotated with @DirtiesContext [false] with mode [null].
15:59:59.243 [main] DEBUG org.springframework.test.context.support.DependencyInjectionTestExecutionListener - Performing dependency injection for test context [[DefaultTestContext@5b529706 testClass = Desafio3ApplicationTests, testInstance = cl.zco.desafio3.Desafio3ApplicationTests@1ae67cad, testMethod = [null], testException = [null], mergedContextConfiguration = [MergedContextConfiguration@63fdab07 testClass = Desafio3ApplicationTests, locations = '{}', classes = '{class cl.zco.desafio3.Desafio3Application}', contextInitializerClasses = '[]', activeProfiles = '{}', propertySourceLocations = '{}', propertySourceProperties = '{org.springframework.boot.test.context.SpringBootTestContextBootstrapper=true}', contextCustomizers = set[org.springframework.boot.test.context.filter.ExcludeFilterContextCustomizer@6aa8e115, org.springframework.boot.test.json.DuplicateJsonObjectContextCustomizerFactory$DuplicateJsonObjectContextCustomizer@5f20155b, org.springframework.boot.test.mock.mockito.MockitoContextCustomizer@0, org.springframework.boot.test.web.client.TestRestTemplateContextCustomizer@352ff4da, org.springframework.boot.test.autoconfigure.actuate.metrics.MetricsExportContextCustomizerFactory$DisableMetricExportContextCustomizer@7a3793c7, org.springframework.boot.test.autoconfigure.properties.PropertyMappingContextCustomizer@0, org.springframework.boot.test.autoconfigure.web.servlet.WebDriverContextCustomizerFactory$Customizer@a37aefe, org.springframework.boot.test.context.SpringBootTestArgs@1, org.springframework.boot.test.context.SpringBootTestWebEnvironment@6580cfdd], contextLoader = 'org.springframework.boot.test.context.SpringBootContextLoader', parent = [null]], attributes = map['org.springframework.test.context.event.ApplicationEventsTestExecutionListener.recordApplicationEvents' -> false]]].

  .   ____          _            __ _ _
 /\\ / ___'_ __ _ _(_)_ __  __ _ \ \ \ \
( ( )\___ | '_ | '_| | '_ \/ _` | \ \ \ \
 \\/  ___)| |_)| | | | | || (_| |  ) ) ) )
  '  |____| .__|_| |_|_| |_\__, | / / / /
 =========|_|==============|___/=/_/_/_/
 :: Spring Boot ::                (v2.6.6)

2022-04-20 15:59:59.953  INFO 58964 --- [           main] c.zco.desafio3.Desafio3ApplicationTests  : Starting Desafio3ApplicationTests using Java 17.0.2 on DESKTOP-T3DQ8O1 with PID 58964 (started by Patricio Angel in C:\develop\wks_previred\desafio3)
2022-04-20 15:59:59.956  INFO 58964 --- [           main] c.zco.desafio3.Desafio3ApplicationTests  : No active profile set, falling back to 1 default profile: "default"
2022-04-20 16:00:00.683  INFO 58964 --- [           main] f.a.AutowiredAnnotationBeanPostProcessor : Autowired annotation is not supported on static fields: private static org.springframework.context.ApplicationContext cl.zco.desafio3.Proveedor.contexto
2022-04-20 16:00:01.197  WARN 58964 --- [           main] ion$DefaultTemplateResolverConfiguration : Cannot find template location: classpath:/templates/ (please add some templates or check your Thymeleaf configuration)
2022-04-20 16:00:01.332  INFO 58964 --- [           main] c.zco.desafio3.Desafio3ApplicationTests  : Started Desafio3ApplicationTests in 1.981 seconds (JVM running for 3.802)

  .   ____          _            __ _ _
 /\\ / ___'_ __ _ _(_)_ __  __ _ \ \ \ \
( ( )\___ | '_ | '_| | '_ \/ _` | \ \ \ \
 \\/  ___)| |_)| | | | | || (_| |  ) ) ) )
  '  |____| .__|_| |_|_| |_\__, | / / / /
 =========|_|==============|___/=/_/_/_/
 :: Spring Boot ::                (v2.6.6)

2022-04-20 16:00:02.189  INFO 58964 --- [           main] cl.zco.desafio3.Desafio3Application      : Starting Desafio3Application using Java 17.0.2 on DESKTOP-T3DQ8O1 with PID 58964 (started by Patricio Angel in C:\develop\wks_previred\desafio3)
2022-04-20 16:00:02.190  INFO 58964 --- [           main] cl.zco.desafio3.Desafio3Application      : No active profile set, falling back to 1 default profile: "default"
2022-04-20 16:00:02.353  INFO 58964 --- [           main] f.a.AutowiredAnnotationBeanPostProcessor : Autowired annotation is not supported on static fields: private static org.springframework.context.ApplicationContext cl.zco.desafio3.Proveedor.contexto
2022-04-20 16:00:02.416  WARN 58964 --- [           main] ion$DefaultTemplateResolverConfiguration : Cannot find template location: classpath:/templates/ (please add some templates or check your Thymeleaf configuration)
2022-04-20 16:00:02.440  INFO 58964 --- [           main] cl.zco.desafio3.Desafio3Application      : Started Desafio3Application in 0.297 seconds (JVM running for 4.911)
[INFO] Tests run: 1, Failures: 0, Errors: 0, Skipped: 0, Time elapsed: 4.441 s - in cl.zco.desafio3.Desafio3ApplicationTests
[INFO] Running cl.zco.desafio3.negocio.ConsumirJarPreviredTest
[INFO] Tests run: 1, Failures: 0, Errors: 0, Skipped: 0, Time elapsed: 0.438 s - in cl.zco.desafio3.negocio.ConsumirJarPreviredTest
[INFO] Running cl.zco.desafio3.negocio.ManejadorArchivosTest
2022-04-20 16:00:03.539 ERROR 58964 --- [           main] c.z.desafio3.negocio.ManejadorArchivos   : null
[INFO] Tests run: 5, Failures: 0, Errors: 0, Skipped: 0, Time elapsed: 0.022 s - in cl.zco.desafio3.negocio.ManejadorArchivosTest
[INFO] Running cl.zco.desafio3.util.DtoTest
[INFO] Tests run: 2, Failures: 0, Errors: 0, Skipped: 0, Time elapsed: 0.002 s - in cl.zco.desafio3.util.DtoTest
[INFO] Running cl.zco.desafio3.util.UtilTest
[INFO] Tests run: 8, Failures: 0, Errors: 0, Skipped: 0, Time elapsed: 0.021 s - in cl.zco.desafio3.util.UtilTest
[INFO] 
[INFO] Results:
[INFO] 
[INFO] Tests run: 17, Failures: 0, Errors: 0, Skipped: 0
[INFO] 
[INFO] 
[INFO] --- maven-jar-plugin:3.2.2:jar (default-jar) @ desafio3 ---
[INFO] Building jar: C:\develop\wks_previred\desafio3\target\desafio3-0.0.1-SNAPSHOT.jar
[INFO] 
[INFO] --- spring-boot-maven-plugin:2.6.6:repackage (repackage) @ desafio3 ---
[INFO] Replacing main artifact with repackaged archive
[INFO] 
[INFO] --- maven-install-plugin:2.5.2:install (default-install) @ desafio3 ---
[INFO] Installing C:\develop\wks_previred\desafio3\target\desafio3-0.0.1-SNAPSHOT.jar to C:\Users\Patricio Angel\.m2\repository\cl\zco\desafio3\0.0.1-SNAPSHOT\desafio3-0.0.1-SNAPSHOT.jar
[INFO] Installing C:\develop\wks_previred\desafio3\pom.xml to C:\Users\Patricio Angel\.m2\repository\cl\zco\desafio3\0.0.1-SNAPSHOT\desafio3-0.0.1-SNAPSHOT.pom
[INFO] ------------------------------------------------------------------------
[INFO] BUILD SUCCESS
[INFO] ------------------------------------------------------------------------
[INFO] Total time:  12.360 s
[INFO] Finished at: 2022-04-20T16:00:06-04:00
[INFO] ------------------------------------------------------------------------
